2022-05-20T13:07:41+00:00 CRITICAL Uncaught Error: Undefined class constant 'MYSQL_ATTR_INIT_COMMAND' in /var/www/html/wp-content/plugins/mailpoet/lib/Doctrine/ConnectionFactory.php:84
Stack trace:
#0 /var/www/html/wp-content/plugins/mailpoet/lib/Doctrine/ConnectionFactory.php(45): MailPoet\Doctrine\ConnectionFactory->getDriverOptions('+00:00', 'utf8mb4', 'utf8mb4_unicode...')
#1 /var/www/html/wp-content/plugins/mailpoet/generated/FreeCachedContainer.php(452): MailPoet\Doctrine\ConnectionFactory->createConnection()
#2 /var/www/html/wp-content/plugins/mailpoet/generated/FreeCachedContainer.php(1953): MailPoetGenerated\FreeCachedContainer->getConnectionService()
#3 /var/www/html/wp-content/plugins/mailpoet/generated/FreeCachedContainer.php(462): MailPoetGenerated\FreeCachedContainer->getEntityManagerFactoryService()
#4 /var/www/html/wp-content/plugins/mailpoet/generated/FreeCachedContainer.php(1921): MailPoetGenerated\FreeCachedContainer->getEntityManagerService()
#5 /var/www/html/wp-content/plugins/mailpoet/generated/FreeCachedContainer.php(324 in /var/www/html/wp-content/plugins/mailpoet/lib/Doctrine/ConnectionFactory.php on line 84

2022-05-20T13:18:13+00:00 CRITICAL Uncaught Error: Undefined class constant 'MYSQL_ATTR_INIT_COMMAND' in /var/www/html/wp-content/plugins/mailpoet/lib/Doctrine/ConnectionFactory.php:84
Stack trace:
#0 /var/www/html/wp-content/plugins/mailpoet/lib/Doctrine/ConnectionFactory.php(45): MailPoet\Doctrine\ConnectionFactory->getDriverOptions('+00:00', 'utf8mb4', 'utf8mb4_unicode...')
#1 /var/www/html/wp-content/plugins/mailpoet/generated/FreeCachedContainer.php(452): MailPoet\Doctrine\ConnectionFactory->createConnection()
#2 /var/www/html/wp-content/plugins/mailpoet/generated/FreeCachedContainer.php(1953): MailPoetGenerated\FreeCachedContainer->getConnectionService()
#3 /var/www/html/wp-content/plugins/mailpoet/generated/FreeCachedContainer.php(462): MailPoetGenerated\FreeCachedContainer->getEntityManagerFactoryService()
#4 /var/www/html/wp-content/plugins/mailpoet/generated/FreeCachedContainer.php(1921): MailPoetGenerated\FreeCachedContainer->getEntityManagerService()
#5 /var/www/html/wp-content/plugins/mailpoet/generated/FreeCachedContainer.php(324 in /var/www/html/wp-content/plugins/mailpoet/lib/Doctrine/ConnectionFactory.php on line 84

2022-05-20T14:03:21+00:00 CRITICAL Uncaught Error: Undefined class constant 'MYSQL_ATTR_INIT_COMMAND' in /var/www/html/wp-content/plugins/mailpoet/lib/Doctrine/ConnectionFactory.php:84
Stack trace:
#0 /var/www/html/wp-content/plugins/mailpoet/lib/Doctrine/ConnectionFactory.php(45): MailPoet\Doctrine\ConnectionFactory->getDriverOptions('+00:00', 'utf8mb4', 'utf8mb4_unicode...')
#1 /var/www/html/wp-content/plugins/mailpoet/generated/FreeCachedContainer.php(452): MailPoet\Doctrine\ConnectionFactory->createConnection()
#2 /var/www/html/wp-content/plugins/mailpoet/generated/FreeCachedContainer.php(1953): MailPoetGenerated\FreeCachedContainer->getConnectionService()
#3 /var/www/html/wp-content/plugins/mailpoet/generated/FreeCachedContainer.php(462): MailPoetGenerated\FreeCachedContainer->getEntityManagerFactoryService()
#4 /var/www/html/wp-content/plugins/mailpoet/generated/FreeCachedContainer.php(1921): MailPoetGenerated\FreeCachedContainer->getEntityManagerService()
#5 /var/www/html/wp-content/plugins/mailpoet/generated/FreeCachedContainer.php(324 in /var/www/html/wp-content/plugins/mailpoet/lib/Doctrine/ConnectionFactory.php on line 84

2022-05-20T14:14:59+00:00 CRITICAL Uncaught Error: Undefined class constant 'MYSQL_ATTR_INIT_COMMAND' in /var/www/html/wp-content/plugins/mailpoet/lib/Doctrine/ConnectionFactory.php:84
Stack trace:
#0 /var/www/html/wp-content/plugins/mailpoet/lib/Doctrine/ConnectionFactory.php(45): MailPoet\Doctrine\ConnectionFactory->getDriverOptions('+00:00', 'utf8mb4', 'utf8mb4_unicode...')
#1 /var/www/html/wp-content/plugins/mailpoet/generated/FreeCachedContainer.php(452): MailPoet\Doctrine\ConnectionFactory->createConnection()
#2 /var/www/html/wp-content/plugins/mailpoet/generated/FreeCachedContainer.php(1953): MailPoetGenerated\FreeCachedContainer->getConnectionService()
#3 /var/www/html/wp-content/plugins/mailpoet/generated/FreeCachedContainer.php(462): MailPoetGenerated\FreeCachedContainer->getEntityManagerFactoryService()
#4 /var/www/html/wp-content/plugins/mailpoet/generated/FreeCachedContainer.php(1921): MailPoetGenerated\FreeCachedContainer->getEntityManagerService()
#5 /var/www/html/wp-content/plugins/mailpoet/generated/FreeCachedContainer.php(324 in /var/www/html/wp-content/plugins/mailpoet/lib/Doctrine/ConnectionFactory.php on line 84

2022-05-20T14:15:03+00:00 CRITICAL Uncaught Error: Undefined class constant 'MYSQL_ATTR_INIT_COMMAND' in /var/www/html/wp-content/plugins/mailpoet/lib/Doctrine/ConnectionFactory.php:84
Stack trace:
#0 /var/www/html/wp-content/plugins/mailpoet/lib/Doctrine/ConnectionFactory.php(45): MailPoet\Doctrine\ConnectionFactory->getDriverOptions('+00:00', 'utf8mb4', 'utf8mb4_unicode...')
#1 /var/www/html/wp-content/plugins/mailpoet/generated/FreeCachedContainer.php(452): MailPoet\Doctrine\ConnectionFactory->createConnection()
#2 /var/www/html/wp-content/plugins/mailpoet/generated/FreeCachedContainer.php(1953): MailPoetGenerated\FreeCachedContainer->getConnectionService()
#3 /var/www/html/wp-content/plugins/mailpoet/generated/FreeCachedContainer.php(462): MailPoetGenerated\FreeCachedContainer->getEntityManagerFactoryService()
#4 /var/www/html/wp-content/plugins/mailpoet/generated/FreeCachedContainer.php(1921): MailPoetGenerated\FreeCachedContainer->getEntityManagerService()
#5 /var/www/html/wp-content/plugins/mailpoet/generated/FreeCachedContainer.php(324 in /var/www/html/wp-content/plugins/mailpoet/lib/Doctrine/ConnectionFactory.php on line 84

2022-05-20T14:15:08+00:00 CRITICAL Uncaught Error: Undefined class constant 'MYSQL_ATTR_INIT_COMMAND' in /var/www/html/wp-content/plugins/mailpoet/lib/Doctrine/ConnectionFactory.php:84
Stack trace:
#0 /var/www/html/wp-content/plugins/mailpoet/lib/Doctrine/ConnectionFactory.php(45): MailPoet\Doctrine\ConnectionFactory->getDriverOptions('+00:00', 'utf8mb4', 'utf8mb4_unicode...')
#1 /var/www/html/wp-content/plugins/mailpoet/generated/FreeCachedContainer.php(452): MailPoet\Doctrine\ConnectionFactory->createConnection()
#2 /var/www/html/wp-content/plugins/mailpoet/generated/FreeCachedContainer.php(1953): MailPoetGenerated\FreeCachedContainer->getConnectionService()
#3 /var/www/html/wp-content/plugins/mailpoet/generated/FreeCachedContainer.php(462): MailPoetGenerated\FreeCachedContainer->getEntityManagerFactoryService()
#4 /var/www/html/wp-content/plugins/mailpoet/generated/FreeCachedContainer.php(1921): MailPoetGenerated\FreeCachedContainer->getEntityManagerService()
#5 /var/www/html/wp-content/plugins/mailpoet/generated/FreeCachedContainer.php(324 in /var/www/html/wp-content/plugins/mailpoet/lib/Doctrine/ConnectionFactory.php on line 84

2022-05-20T14:15:16+00:00 CRITICAL Uncaught Error: Undefined class constant 'MYSQL_ATTR_INIT_COMMAND' in /var/www/html/wp-content/plugins/mailpoet/lib/Doctrine/ConnectionFactory.php:84
Stack trace:
#0 /var/www/html/wp-content/plugins/mailpoet/lib/Doctrine/ConnectionFactory.php(45): MailPoet\Doctrine\ConnectionFactory->getDriverOptions('+00:00', 'utf8mb4', 'utf8mb4_unicode...')
#1 /var/www/html/wp-content/plugins/mailpoet/generated/FreeCachedContainer.php(452): MailPoet\Doctrine\ConnectionFactory->createConnection()
#2 /var/www/html/wp-content/plugins/mailpoet/generated/FreeCachedContainer.php(1953): MailPoetGenerated\FreeCachedContainer->getConnectionService()
#3 /var/www/html/wp-content/plugins/mailpoet/generated/FreeCachedContainer.php(462): MailPoetGenerated\FreeCachedContainer->getEntityManagerFactoryService()
#4 /var/www/html/wp-content/plugins/mailpoet/generated/FreeCachedContainer.php(1921): MailPoetGenerated\FreeCachedContainer->getEntityManagerService()
#5 /var/www/html/wp-content/plugins/mailpoet/generated/FreeCachedContainer.php(324 in /var/www/html/wp-content/plugins/mailpoet/lib/Doctrine/ConnectionFactory.php on line 84

2022-05-20T14:15:54+00:00 CRITICAL Uncaught Error: Undefined class constant 'MYSQL_ATTR_INIT_COMMAND' in /var/www/html/wp-content/plugins/mailpoet/lib/Doctrine/ConnectionFactory.php:84
Stack trace:
#0 /var/www/html/wp-content/plugins/mailpoet/lib/Doctrine/ConnectionFactory.php(45): MailPoet\Doctrine\ConnectionFactory->getDriverOptions('+00:00', 'utf8mb4', 'utf8mb4_unicode...')
#1 /var/www/html/wp-content/plugins/mailpoet/generated/FreeCachedContainer.php(452): MailPoet\Doctrine\ConnectionFactory->createConnection()
#2 /var/www/html/wp-content/plugins/mailpoet/generated/FreeCachedContainer.php(1953): MailPoetGenerated\FreeCachedContainer->getConnectionService()
#3 /var/www/html/wp-content/plugins/mailpoet/generated/FreeCachedContainer.php(462): MailPoetGenerated\FreeCachedContainer->getEntityManagerFactoryService()
#4 /var/www/html/wp-content/plugins/mailpoet/generated/FreeCachedContainer.php(1921): MailPoetGenerated\FreeCachedContainer->getEntityManagerService()
#5 /var/www/html/wp-content/plugins/mailpoet/generated/FreeCachedContainer.php(324 in /var/www/html/wp-content/plugins/mailpoet/lib/Doctrine/ConnectionFactory.php on line 84

2022-05-20T14:15:57+00:00 CRITICAL Uncaught Error: Undefined class constant 'MYSQL_ATTR_INIT_COMMAND' in /var/www/html/wp-content/plugins/mailpoet/lib/Doctrine/ConnectionFactory.php:84
Stack trace:
#0 /var/www/html/wp-content/plugins/mailpoet/lib/Doctrine/ConnectionFactory.php(45): MailPoet\Doctrine\ConnectionFactory->getDriverOptions('+00:00', 'utf8mb4', 'utf8mb4_unicode...')
#1 /var/www/html/wp-content/plugins/mailpoet/generated/FreeCachedContainer.php(452): MailPoet\Doctrine\ConnectionFactory->createConnection()
#2 /var/www/html/wp-content/plugins/mailpoet/generated/FreeCachedContainer.php(1953): MailPoetGenerated\FreeCachedContainer->getConnectionService()
#3 /var/www/html/wp-content/plugins/mailpoet/generated/FreeCachedContainer.php(462): MailPoetGenerated\FreeCachedContainer->getEntityManagerFactoryService()
#4 /var/www/html/wp-content/plugins/mailpoet/generated/FreeCachedContainer.php(1921): MailPoetGenerated\FreeCachedContainer->getEntityManagerService()
#5 /var/www/html/wp-content/plugins/mailpoet/generated/FreeCachedContainer.php(324 in /var/www/html/wp-content/plugins/mailpoet/lib/Doctrine/ConnectionFactory.php on line 84

2022-05-20T14:15:59+00:00 CRITICAL Uncaught Error: Undefined class constant 'MYSQL_ATTR_INIT_COMMAND' in /var/www/html/wp-content/plugins/mailpoet/lib/Doctrine/ConnectionFactory.php:84
Stack trace:
#0 /var/www/html/wp-content/plugins/mailpoet/lib/Doctrine/ConnectionFactory.php(45): MailPoet\Doctrine\ConnectionFactory->getDriverOptions('+00:00', 'utf8mb4', 'utf8mb4_unicode...')
#1 /var/www/html/wp-content/plugins/mailpoet/generated/FreeCachedContainer.php(452): MailPoet\Doctrine\ConnectionFactory->createConnection()
#2 /var/www/html/wp-content/plugins/mailpoet/generated/FreeCachedContainer.php(1953): MailPoetGenerated\FreeCachedContainer->getConnectionService()
#3 /var/www/html/wp-content/plugins/mailpoet/generated/FreeCachedContainer.php(462): MailPoetGenerated\FreeCachedContainer->getEntityManagerFactoryService()
#4 /var/www/html/wp-content/plugins/mailpoet/generated/FreeCachedContainer.php(1921): MailPoetGenerated\FreeCachedContainer->getEntityManagerService()
#5 /var/www/html/wp-content/plugins/mailpoet/generated/FreeCachedContainer.php(324 in /var/www/html/wp-content/plugins/mailpoet/lib/Doctrine/ConnectionFactory.php on line 84

2022-05-20T14:31:53+00:00 CRITICAL Uncaught Error: Undefined class constant 'MYSQL_ATTR_INIT_COMMAND' in /var/www/html/wp-content/plugins/mailpoet/lib/Doctrine/ConnectionFactory.php:84
Stack trace:
#0 /var/www/html/wp-content/plugins/mailpoet/lib/Doctrine/ConnectionFactory.php(45): MailPoet\Doctrine\ConnectionFactory->getDriverOptions('+00:00', 'utf8mb4', 'utf8mb4_unicode...')
#1 /var/www/html/wp-content/plugins/mailpoet/generated/FreeCachedContainer.php(452): MailPoet\Doctrine\ConnectionFactory->createConnection()
#2 /var/www/html/wp-content/plugins/mailpoet/generated/FreeCachedContainer.php(1953): MailPoetGenerated\FreeCachedContainer->getConnectionService()
#3 /var/www/html/wp-content/plugins/mailpoet/generated/FreeCachedContainer.php(462): MailPoetGenerated\FreeCachedContainer->getEntityManagerFactoryService()
#4 /var/www/html/wp-content/plugins/mailpoet/generated/FreeCachedContainer.php(1921): MailPoetGenerated\FreeCachedContainer->getEntityManagerService()
#5 /var/www/html/wp-content/plugins/mailpoet/generated/FreeCachedContainer.php(324 in /var/www/html/wp-content/plugins/mailpoet/lib/Doctrine/ConnectionFactory.php on line 84

2022-05-20T14:31:54+00:00 CRITICAL Uncaught Error: Undefined class constant 'MYSQL_ATTR_INIT_COMMAND' in /var/www/html/wp-content/plugins/mailpoet/lib/Doctrine/ConnectionFactory.php:84
Stack trace:
#0 /var/www/html/wp-content/plugins/mailpoet/lib/Doctrine/ConnectionFactory.php(45): MailPoet\Doctrine\ConnectionFactory->getDriverOptions('+00:00', 'utf8mb4', 'utf8mb4_unicode...')
#1 /var/www/html/wp-content/plugins/mailpoet/generated/FreeCachedContainer.php(452): MailPoet\Doctrine\ConnectionFactory->createConnection()
#2 /var/www/html/wp-content/plugins/mailpoet/generated/FreeCachedContainer.php(1953): MailPoetGenerated\FreeCachedContainer->getConnectionService()
#3 /var/www/html/wp-content/plugins/mailpoet/generated/FreeCachedContainer.php(462): MailPoetGenerated\FreeCachedContainer->getEntityManagerFactoryService()
#4 /var/www/html/wp-content/plugins/mailpoet/generated/FreeCachedContainer.php(1921): MailPoetGenerated\FreeCachedContainer->getEntityManagerService()
#5 /var/www/html/wp-content/plugins/mailpoet/generated/FreeCachedContainer.php(324 in /var/www/html/wp-content/plugins/mailpoet/lib/Doctrine/ConnectionFactory.php on line 84

2022-05-20T14:31:57+00:00 CRITICAL Uncaught Error: Undefined class constant 'MYSQL_ATTR_INIT_COMMAND' in /var/www/html/wp-content/plugins/mailpoet/lib/Doctrine/ConnectionFactory.php:84
Stack trace:
#0 /var/www/html/wp-content/plugins/mailpoet/lib/Doctrine/ConnectionFactory.php(45): MailPoet\Doctrine\ConnectionFactory->getDriverOptions('+00:00', 'utf8mb4', 'utf8mb4_unicode...')
#1 /var/www/html/wp-content/plugins/mailpoet/generated/FreeCachedContainer.php(452): MailPoet\Doctrine\ConnectionFactory->createConnection()
#2 /var/www/html/wp-content/plugins/mailpoet/generated/FreeCachedContainer.php(1953): MailPoetGenerated\FreeCachedContainer->getConnectionService()
#3 /var/www/html/wp-content/plugins/mailpoet/generated/FreeCachedContainer.php(462): MailPoetGenerated\FreeCachedContainer->getEntityManagerFactoryService()
#4 /var/www/html/wp-content/plugins/mailpoet/generated/FreeCachedContainer.php(1921): MailPoetGenerated\FreeCachedContainer->getEntityManagerService()
#5 /var/www/html/wp-content/plugins/mailpoet/generated/FreeCachedContainer.php(324 in /var/www/html/wp-content/plugins/mailpoet/lib/Doctrine/ConnectionFactory.php on line 84

2022-05-20T15:17:50+00:00 CRITICAL Uncaught Error: Undefined class constant 'MYSQL_ATTR_INIT_COMMAND' in /var/www/html/wp-content/plugins/mailpoet/lib/Doctrine/ConnectionFactory.php:84
Stack trace:
#0 /var/www/html/wp-content/plugins/mailpoet/lib/Doctrine/ConnectionFactory.php(45): MailPoet\Doctrine\ConnectionFactory->getDriverOptions('+00:00', 'utf8mb4', 'utf8mb4_unicode...')
#1 /var/www/html/wp-content/plugins/mailpoet/generated/FreeCachedContainer.php(452): MailPoet\Doctrine\ConnectionFactory->createConnection()
#2 /var/www/html/wp-content/plugins/mailpoet/generated/FreeCachedContainer.php(1953): MailPoetGenerated\FreeCachedContainer->getConnectionService()
#3 /var/www/html/wp-content/plugins/mailpoet/generated/FreeCachedContainer.php(462): MailPoetGenerated\FreeCachedContainer->getEntityManagerFactoryService()
#4 /var/www/html/wp-content/plugins/mailpoet/generated/FreeCachedContainer.php(1921): MailPoetGenerated\FreeCachedContainer->getEntityManagerService()
#5 /var/www/html/wp-content/plugins/mailpoet/generated/FreeCachedContainer.php(324 in /var/www/html/wp-content/plugins/mailpoet/lib/Doctrine/ConnectionFactory.php on line 84

